<?xml version="1.0" encoding="UTF-8"?>
<!-- Generated by org.testng.reporters.JUnitReportReporter -->
<testsuite hostname="keerthi_laptop" name="com.qa.TestingShoeStore.TestingShoeStore" tests="2" failures="0" timestamp="19 Feb 2016 17:42:18 GMT" time="253.950" errors="0">
  <testcase name="monthlyRelease" time="252.527" classname="com.qa.TestingShoeStore.TestingShoeStore"/>
  <testcase name="submitEmailAddress" time="1.423" classname="com.qa.TestingShoeStore.TestingShoeStore"/>
</testsuite> <!-- com.qa.TestingShoeStore.TestingShoeStore -->
